Using pre-set license
Built from '2021.3/staging' branch; Version is '2021.3.11f1 (0a5ca18544bf) revision 679073'; Using compiler version '192829333'; Build Type 'Release'
OS: 'Windows 11  (10.0.22621) 64bit Professional' Language: 'en' Physical Memory: 16126 MB
BatchMode: 1, IsHumanControllingUs: 0, StartBugReporterOnCrash: 0, Is64bit: 1, IsPro: 1

COMMAND LINE ARGUMENTS:
C:\Program Files\Unity\Hub\Editor\2021.3.11f1\Editor\Unity.exe
-adb2
-batchMode
-noUpm
-name
AssetImportWorker2
-projectPath
C:/Users/Miljko/InternJam
-logFile
Logs/AssetImportWorker2.log
-srvPort
57886
Successfully changed project path to: C:/Users/Miljko/InternJam
C:/Users/Miljko/InternJam
[UnityMemory] Configuration Parameters - Can be set up in boot.config
    "memorysetup-bucket-allocator-granularity=16"
    "memorysetup-bucket-allocator-bucket-count=8"
    "memorysetup-bucket-allocator-block-size=33554432"
    "memorysetup-bucket-allocator-block-count=8"
    "memorysetup-main-allocator-block-size=16777216"
    "memorysetup-thread-allocator-block-size=16777216"
    "memorysetup-gfx-main-allocator-block-size=16777216"
    "memorysetup-gfx-thread-allocator-block-size=16777216"
    "memorysetup-cache-allocator-block-size=4194304"
    "memorysetup-typetree-allocator-block-size=2097152"
    "memorysetup-profiler-bucket-allocator-granularity=16"
    "memorysetup-profiler-bucket-allocator-bucket-count=8"
    "memorysetup-profiler-bucket-allocator-block-size=33554432"
    "memorysetup-profiler-bucket-allocator-block-count=8"
    "memorysetup-profiler-allocator-block-size=16777216"
    "memorysetup-profiler-editor-allocator-block-size=1048576"
    "memorysetup-temp-allocator-size-main=16777216"
    "memorysetup-job-temp-allocator-block-size=2097152"
    "memorysetup-job-temp-allocator-block-size-background=1048576"
    "memorysetup-job-temp-allocator-reduction-small-platforms=262144"
    "memorysetup-temp-allocator-size-background-worker=32768"
    "memorysetup-temp-allocator-size-job-worker=262144"
    "memorysetup-temp-allocator-size-preload-manager=33554432"
    "memorysetup-temp-allocator-size-nav-mesh-worker=65536"
    "memorysetup-temp-allocator-size-audio-worker=65536"
    "memorysetup-temp-allocator-size-cloud-worker=32768"
    "memorysetup-temp-allocator-size-gi-baking-worker=262144"
    "memorysetup-temp-allocator-size-gfx=262144"
Refreshing native plugins compatible for Editor in 80.20 ms, found 4 plugins.
Preloading 0 native plugins for Editor in 0.00 ms.
Initialize engine version: 2021.3.11f1 (0a5ca18544bf)
[Subsystems] Discovering subsystems at path C:/Program Files/Unity/Hub/Editor/2021.3.11f1/Editor/Data/Resources/UnitySubsystems
[Subsystems] Discovering subsystems at path C:/Users/Miljko/InternJam/Assets
GfxDevice: creating device client; threaded=0; jobified=0
Direct3D:
    Version:  Direct3D 11.0 [level 11.1]
    Renderer: NVIDIA GeForce RTX 3050 Laptop GPU (ID=0x25a2)
    Vendor:   NVIDIA
    VRAM:     3991 MB
    Driver:   30.0.15.1272
Initialize mono
Mono path[0] = 'C:/Program Files/Unity/Hub/Editor/2021.3.11f1/Editor/Data/Managed'
Mono path[1] = 'C:/Program Files/Unity/Hub/Editor/2021.3.11f1/Editor/Data/MonoBleedingEdge/lib/mono/unityjit-win32'
Mono config path = 'C:/Program Files/Unity/Hub/Editor/2021.3.11f1/Editor/Data/MonoBleedingEdge/etc'
Using monoOptions --debugger-agent=transport=dt_socket,embedding=1,server=y,suspend=n,address=127.0.0.1:56264
Begin MonoManager ReloadAssembly
Registering precompiled unity dll's ...
Register platform support module: C:/Program Files/Unity/Hub/Editor/2021.3.11f1/Editor/Data/PlaybackEngines/AndroidPlayer/UnityEditor.Android.Extensions.dll
Register platform support module: C:/Program Files/Unity/Hub/Editor/2021.3.11f1/Editor/Data/PlaybackEngines/iOSSupport/UnityEditor.iOS.Extensions.dll
Register platform support module: C:/Program Files/Unity/Hub/Editor/2021.3.11f1/Editor/Data/PlaybackEngines/WindowsStandaloneSupport/UnityEditor.WindowsStandalone.Extensions.dll
Registered in 0.007091 seconds.
Native extension for WindowsStandalone target not found
[usbmuxd] Start listen thread
[usbmuxd] Listen thread started
Native extension for iOS target not found
Native extension for Android target not found
Refreshing native plugins compatible for Editor in 85.09 ms, found 4 plugins.
Preloading 0 native plugins for Editor in 0.00 ms.
Mono: successfully reloaded assembly
- Completed reload, in  0.586 seconds
Domain Reload Profiling:
	ReloadAssembly (587ms)
		BeginReloadAssembly (62ms)
			ExecutionOrderSort (0ms)
			DisableScriptedObjects (0ms)
			BackupInstance (0ms)
			ReleaseScriptingObjects (0ms)
			CreateAndSetChildDomain (1ms)
		EndReloadAssembly (433ms)
			LoadAssemblies (60ms)
			RebuildTransferFunctionScriptingTraits (0ms)
			SetupTypeCache (87ms)
			ReleaseScriptCaches (0ms)
			RebuildScriptCaches (29ms)
			SetupLoadedEditorAssemblies (274ms)
				LogAssemblyErrors (0ms)
				InitializePlatformSupportModulesInManaged (72ms)
				SetLoadedEditorAssemblies (0ms)
				RefreshPlugins (85ms)
				BeforeProcessingInitializeOnLoad (2ms)
				ProcessInitializeOnLoadAttributes (78ms)
				ProcessInitializeOnLoadMethodAttributes (37ms)
				AfterProcessingInitializeOnLoad (0ms)
				EditorAssembliesLoaded (0ms)
			ExecutionOrderSort2 (0ms)
			AwakeInstancesAfterBackupRestoration (0ms)
Platform modules already initialized, skipping
Registering precompiled user dll's ...
Registered in 0.006317 seconds.
Begin MonoManager ReloadAssembly
Symbol file LoadedFromMemory doesn't match image C:\Users\Miljko\InternJam\Library\PackageCache\com.unity.visualscripting@1.7.8\Editor\VisualScripting.Core\Dependencies\YamlDotNet\Unity.VisualScripting.YamlDotNet.dll
Symbol file LoadedFromMemory doesn't match image C:\Users\Miljko\InternJam\Library\PackageCache\com.unity.visualscripting@1.7.8\Editor\VisualScripting.Core\Dependencies\DotNetZip\Unity.VisualScripting.IonicZip.dll
Native extension for WindowsStandalone target not found
Native extension for iOS target not found
Native extension for Android target not found
Refreshing native plugins compatible for Editor in 96.38 ms, found 4 plugins.
Preloading 0 native plugins for Editor in 0.00 ms.
Mono: successfully reloaded assembly
- Completed reload, in  1.414 seconds
Domain Reload Profiling:
	ReloadAssembly (1415ms)
		BeginReloadAssembly (232ms)
			ExecutionOrderSort (0ms)
			DisableScriptedObjects (6ms)
			BackupInstance (0ms)
			ReleaseScriptingObjects (0ms)
			CreateAndSetChildDomain (131ms)
		EndReloadAssembly (1057ms)
			LoadAssemblies (92ms)
			RebuildTransferFunctionScriptingTraits (0ms)
			SetupTypeCache (261ms)
			ReleaseScriptCaches (1ms)
			RebuildScriptCaches (79ms)
			SetupLoadedEditorAssemblies (545ms)
				LogAssemblyErrors (0ms)
				InitializePlatformSupportModulesInManaged (22ms)
				SetLoadedEditorAssemblies (0ms)
				RefreshPlugins (96ms)
				BeforeProcessingInitializeOnLoad (101ms)
				ProcessInitializeOnLoadAttributes (269ms)
				ProcessInitializeOnLoadMethodAttributes (49ms)
				AfterProcessingInitializeOnLoad (6ms)
				EditorAssembliesLoaded (0ms)
			ExecutionOrderSort2 (0ms)
			AwakeInstancesAfterBackupRestoration (7ms)
Platform modules already initialized, skipping
========================================================================
Worker process is ready to serve import requests
Launched and connected shader compiler UnityShaderCompiler.exe after 0.06 seconds
Refreshing native plugins compatible for Editor in 1.07 ms, found 4 plugins.
Preloading 0 native plugins for Editor in 0.00 ms.
Unloading 4130 Unused Serialized files (Serialized files now loaded: 0)
Unloading 43 unused Assets / (203.0 KB). Loaded Objects now: 4586.
Memory consumption went from 155.3 MB to 155.1 MB.
Total: 3.207100 ms (FindLiveObjects: 0.354100 ms CreateObjectMapping: 0.123800 ms MarkObjects: 2.571100 ms  DeleteObjects: 0.156800 ms)

AssetImportParameters requested are different than current active one (requested -> active):
  custom:video-decoder-ogg-theora: a1e56fd34408186e4bbccfd4996cb3dc -> 
  custom:container-muxer-webm: aa71ff27fc2769a1b78a27578f13a17b -> 
  custom:container-demuxer-webm: 4f35f7cbe854078d1ac9338744f61a02 -> 
  custom:video-encoder-webm-vp8: eb34c28f22e8b96e1ab97ce403110664 -> 
  custom:video-codec-MediaFoundation-h265: 746d11721c4dcdbdad8f713fa42b33f4 -> 
  custom:audio-encoder-webm-vorbis: bf7c407c2cedff20999df2af8eb42d56 -> 
  custom:framework-win-MediaFoundation: 216162199b28c13a410421893ffa2e32 -> 
  custom:container-demuxer-ogg: 62fdf1f143b41e24485cea50d1cbac27 -> 
  custom:video-decoder-webm-vp8: 9c59270c3fd7afecdb556c50c9e8de78 -> 
  custom:audio-decoder-ogg-vorbis: bf7c407c2cedff20999df2af8eb42d56 -> 
========================================================================
Received Import Request.
  Time since last request: 1796200.378585 seconds.
  path: Assets/Prefabs/GestureSpiraleLarge.prefab
  artifactKey: Guid(92fbf2dcc87261440aa95d3a7ef39aa6) Importer(815301076,1909f56bfc062723c751e8b465ee728b)
Start importing Assets/Prefabs/GestureSpiraleLarge.prefab using Guid(92fbf2dcc87261440aa95d3a7ef39aa6) Importer(815301076,1909f56bfc062723c751e8b465ee728b)  -> (artifact id: 'fba4a68854058a3df9cec1af98ba598e') in 0.049771 seconds 
========================================================================
Received Import Request.
  Time since last request: 2.786849 seconds.
  path: Assets/Prefabs/GestureSpiraleLarge.prefab
  artifactKey: Guid(92fbf2dcc87261440aa95d3a7ef39aa6) Importer(815301076,1909f56bfc062723c751e8b465ee728b)
Start importing Assets/Prefabs/GestureSpiraleLarge.prefab using Guid(92fbf2dcc87261440aa95d3a7ef39aa6) Importer(815301076,1909f56bfc062723c751e8b465ee728b)  -> (artifact id: 'b7309fb12036edd7fcbb7c20c5b09afd') in 0.006522 seconds 
========================================================================
Received Import Request.
  Time since last request: 22.070887 seconds.
  path: Assets/Prefabs/GestureSquareLarge.prefab
  artifactKey: Guid(797c2cf30fe16dc4abdeafc63f8831f8) Importer(815301076,1909f56bfc062723c751e8b465ee728b)
Start importing Assets/Prefabs/GestureSquareLarge.prefab using Guid(797c2cf30fe16dc4abdeafc63f8831f8) Importer(815301076,1909f56bfc062723c751e8b465ee728b)  -> (artifact id: '8f418167ea147b1ecd0e13f0d7f0b3ee') in 0.005206 seconds 
========================================================================
Received Import Request.
  Time since last request: 9.164943 seconds.
  path: Assets/Prefabs/GestureSquareLarge.prefab
  artifactKey: Guid(797c2cf30fe16dc4abdeafc63f8831f8) Importer(815301076,1909f56bfc062723c751e8b465ee728b)
Start importing Assets/Prefabs/GestureSquareLarge.prefab using Guid(797c2cf30fe16dc4abdeafc63f8831f8) Importer(815301076,1909f56bfc062723c751e8b465ee728b)  -> (artifact id: 'cc5ccc22b9feee1084a51c43914383c7') in 0.008380 seconds 
========================================================================
Received Import Request.
  Time since last request: 1.698704 seconds.
  path: Assets/Prefabs/GestureSquareLarge.prefab
  artifactKey: Guid(797c2cf30fe16dc4abdeafc63f8831f8) Importer(815301076,1909f56bfc062723c751e8b465ee728b)
Start importing Assets/Prefabs/GestureSquareLarge.prefab using Guid(797c2cf30fe16dc4abdeafc63f8831f8) Importer(815301076,1909f56bfc062723c751e8b465ee728b)  -> (artifact id: 'a728e92bded487ee3a73d7ea28b86cdf') in 0.004189 seconds 
========================================================================
Received Import Request.
  Time since last request: 4.051070 seconds.
  path: Assets/Prefabs/GestureSquareLarge.prefab
  artifactKey: Guid(797c2cf30fe16dc4abdeafc63f8831f8) Importer(815301076,1909f56bfc062723c751e8b465ee728b)
Start importing Assets/Prefabs/GestureSquareLarge.prefab using Guid(797c2cf30fe16dc4abdeafc63f8831f8) Importer(815301076,1909f56bfc062723c751e8b465ee728b)  -> (artifact id: '774b1bb4f61abca319991a33a33e5671') in 0.005677 seconds 
========================================================================
Received Import Request.
  Time since last request: 4.285227 seconds.
  path: Assets/Prefabs/GestureSquareLarge.prefab
  artifactKey: Guid(797c2cf30fe16dc4abdeafc63f8831f8) Importer(815301076,1909f56bfc062723c751e8b465ee728b)
Start importing Assets/Prefabs/GestureSquareLarge.prefab using Guid(797c2cf30fe16dc4abdeafc63f8831f8) Importer(815301076,1909f56bfc062723c751e8b465ee728b)  -> (artifact id: '774b6ba090686750cd0648b21e700261') in 0.005917 seconds 
========================================================================
Received Import Request.
  Time since last request: 1.422230 seconds.
  path: Assets/Prefabs/GestureSquareLarge.prefab
  artifactKey: Guid(797c2cf30fe16dc4abdeafc63f8831f8) Importer(815301076,1909f56bfc062723c751e8b465ee728b)
Start importing Assets/Prefabs/GestureSquareLarge.prefab using Guid(797c2cf30fe16dc4abdeafc63f8831f8) Importer(815301076,1909f56bfc062723c751e8b465ee728b)  -> (artifact id: '85023d96e4644ca26efd36d214d6aa7d') in 0.004758 seconds 
========================================================================
Received Import Request.
  Time since last request: 1.414745 seconds.
  path: Assets/Prefabs/GestureSquareLarge.prefab
  artifactKey: Guid(797c2cf30fe16dc4abdeafc63f8831f8) Importer(815301076,1909f56bfc062723c751e8b465ee728b)
Start importing Assets/Prefabs/GestureSquareLarge.prefab using Guid(797c2cf30fe16dc4abdeafc63f8831f8) Importer(815301076,1909f56bfc062723c751e8b465ee728b)  -> (artifact id: '9f08dce14ae0243b5cec6daedb5880a9') in 0.004260 seconds 
========================================================================
Received Import Request.
  Time since last request: 8.558013 seconds.
  path: Assets/Prefabs/GestureTriangleLarge.prefab
  artifactKey: Guid(0451051d0403a1146a2917066bf3f276) Importer(815301076,1909f56bfc062723c751e8b465ee728b)
Start importing Assets/Prefabs/GestureTriangleLarge.prefab using Guid(0451051d0403a1146a2917066bf3f276) Importer(815301076,1909f56bfc062723c751e8b465ee728b)  -> (artifact id: '7b95df7d77fa169177d11d7656ff0235') in 0.069533 seconds 
========================================================================
Received Import Request.
  Time since last request: 2.539205 seconds.
  path: Assets/Prefabs/GestureTriangleLarge.prefab
  artifactKey: Guid(0451051d0403a1146a2917066bf3f276) Importer(815301076,1909f56bfc062723c751e8b465ee728b)
Start importing Assets/Prefabs/GestureTriangleLarge.prefab using Guid(0451051d0403a1146a2917066bf3f276) Importer(815301076,1909f56bfc062723c751e8b465ee728b)  -> (artifact id: 'd345e899b0e63b21038c4fcb8f6aed31') in 0.005223 seconds 
========================================================================
Received Import Request.
  Time since last request: 5.752669 seconds.
  path: Assets/Prefabs/GestureTriangleLarge.prefab
  artifactKey: Guid(0451051d0403a1146a2917066bf3f276) Importer(815301076,1909f56bfc062723c751e8b465ee728b)
Start importing Assets/Prefabs/GestureTriangleLarge.prefab using Guid(0451051d0403a1146a2917066bf3f276) Importer(815301076,1909f56bfc062723c751e8b465ee728b)  -> (artifact id: 'b6ad25d020110c8ddc6dbc168d5dbaad') in 0.004438 seconds 
========================================================================
Received Import Request.
  Time since last request: 3.260696 seconds.
  path: Assets/Prefabs/GestureTriangleLarge.prefab
  artifactKey: Guid(0451051d0403a1146a2917066bf3f276) Importer(815301076,1909f56bfc062723c751e8b465ee728b)
Start importing Assets/Prefabs/GestureTriangleLarge.prefab using Guid(0451051d0403a1146a2917066bf3f276) Importer(815301076,1909f56bfc062723c751e8b465ee728b)  -> (artifact id: '8cb8b746789ea604cbb00f2fe36abde9') in 0.004660 seconds 
========================================================================
Received Import Request.
  Time since last request: 2.312038 seconds.
  path: Assets/Prefabs/GestureWaveLarge.prefab
  artifactKey: Guid(7f9de65a3e683ae44816eceadb353768) Importer(815301076,1909f56bfc062723c751e8b465ee728b)
Start importing Assets/Prefabs/GestureWaveLarge.prefab using Guid(7f9de65a3e683ae44816eceadb353768) Importer(815301076,1909f56bfc062723c751e8b465ee728b)  -> (artifact id: '73ed5a7140d01e97011c41f00044a311') in 0.012408 seconds 
========================================================================
Received Import Request.
  Time since last request: 5.223331 seconds.
  path: Assets/Prefabs/GestureWaveLarge.prefab
  artifactKey: Guid(7f9de65a3e683ae44816eceadb353768) Importer(815301076,1909f56bfc062723c751e8b465ee728b)
Start importing Assets/Prefabs/GestureWaveLarge.prefab using Guid(7f9de65a3e683ae44816eceadb353768) Importer(815301076,1909f56bfc062723c751e8b465ee728b)  -> (artifact id: 'ca1668db85a344b1a3cf75417e983028') in 0.018983 seconds 
========================================================================
Received Import Request.
  Time since last request: 1.402819 seconds.
  path: Assets/Prefabs/GestureWaveLarge.prefab
  artifactKey: Guid(7f9de65a3e683ae44816eceadb353768) Importer(815301076,1909f56bfc062723c751e8b465ee728b)
Start importing Assets/Prefabs/GestureWaveLarge.prefab using Guid(7f9de65a3e683ae44816eceadb353768) Importer(815301076,1909f56bfc062723c751e8b465ee728b)  -> (artifact id: '0a3e61837cfb6a99f4e28e5cd4ebfc65') in 0.013843 seconds 
========================================================================
Received Import Request.
  Time since last request: 2.578124 seconds.
  path: Assets/Prefabs/GestureWaveLarge.prefab
  artifactKey: Guid(7f9de65a3e683ae44816eceadb353768) Importer(815301076,1909f56bfc062723c751e8b465ee728b)
Start importing Assets/Prefabs/GestureWaveLarge.prefab using Guid(7f9de65a3e683ae44816eceadb353768) Importer(815301076,1909f56bfc062723c751e8b465ee728b)  -> (artifact id: 'ca06af563d434b8823e7f75477b760fe') in 0.005164 seconds 
========================================================================
Received Prepare
Registering precompiled user dll's ...
Registered in 0.008106 seconds.
Begin MonoManager ReloadAssembly
Symbol file LoadedFromMemory doesn't match image C:\Users\Miljko\InternJam\Library\PackageCache\com.unity.visualscripting@1.7.8\Editor\VisualScripting.Core\Dependencies\YamlDotNet\Unity.VisualScripting.YamlDotNet.dll
Symbol file LoadedFromMemory doesn't match image C:\Users\Miljko\InternJam\Library\PackageCache\com.unity.visualscripting@1.7.8\Editor\VisualScripting.Core\Dependencies\DotNetZip\Unity.VisualScripting.IonicZip.dll
Native extension for WindowsStandalone target not found
Native extension for iOS target not found
Native extension for Android target not found
Refreshing native plugins compatible for Editor in 0.72 ms, found 4 plugins.
Preloading 0 native plugins for Editor in 0.00 ms.
Mono: successfully reloaded assembly
- Completed reload, in  0.931 seconds
Domain Reload Profiling:
	ReloadAssembly (932ms)
		BeginReloadAssembly (112ms)
			ExecutionOrderSort (0ms)
			DisableScriptedObjects (5ms)
			BackupInstance (0ms)
			ReleaseScriptingObjects (0ms)
			CreateAndSetChildDomain (37ms)
		EndReloadAssembly (729ms)
			LoadAssemblies (73ms)
			RebuildTransferFunctionScriptingTraits (0ms)
			SetupTypeCache (211ms)
			ReleaseScriptCaches (2ms)
			RebuildScriptCaches (39ms)
			SetupLoadedEditorAssemblies (346ms)
				LogAssemblyErrors (0ms)
				InitializePlatformSupportModulesInManaged (25ms)
				SetLoadedEditorAssemblies (0ms)
				RefreshPlugins (1ms)
				BeforeProcessingInitializeOnLoad (79ms)
				ProcessInitializeOnLoadAttributes (196ms)
				ProcessInitializeOnLoadMethodAttributes (39ms)
				AfterProcessingInitializeOnLoad (6ms)
				EditorAssembliesLoaded (0ms)
			ExecutionOrderSort2 (0ms)
			AwakeInstancesAfterBackupRestoration (8ms)
Platform modules already initialized, skipping
Refreshing native plugins compatible for Editor in 2.23 ms, found 4 plugins.
Preloading 0 native plugins for Editor in 0.00 ms.
Unloading 4112 Unused Serialized files (Serialized files now loaded: 0)
Unloading 31 unused Assets / (195.6 KB). Loaded Objects now: 4597.
Memory consumption went from 158.3 MB to 158.1 MB.
Total: 2.938300 ms (FindLiveObjects: 0.256500 ms CreateObjectMapping: 0.134700 ms MarkObjects: 2.433200 ms  DeleteObjects: 0.113000 ms)

AssetImportParameters requested are different than current active one (requested -> active):
  custom:video-decoder-ogg-theora: a1e56fd34408186e4bbccfd4996cb3dc -> 
  custom:container-muxer-webm: aa71ff27fc2769a1b78a27578f13a17b -> 
  custom:container-demuxer-webm: 4f35f7cbe854078d1ac9338744f61a02 -> 
  custom:video-encoder-webm-vp8: eb34c28f22e8b96e1ab97ce403110664 -> 
  custom:video-codec-MediaFoundation-h265: 746d11721c4dcdbdad8f713fa42b33f4 -> 
  custom:audio-encoder-webm-vorbis: bf7c407c2cedff20999df2af8eb42d56 -> 
  custom:framework-win-MediaFoundation: 216162199b28c13a410421893ffa2e32 -> 
  custom:container-demuxer-ogg: 62fdf1f143b41e24485cea50d1cbac27 -> 
  custom:video-decoder-webm-vp8: 9c59270c3fd7afecdb556c50c9e8de78 -> 
  custom:audio-decoder-ogg-vorbis: bf7c407c2cedff20999df2af8eb42d56 -> 
========================================================================
Received Import Request.
  Time since last request: 59.585293 seconds.
  path: Assets/Prefabs/GestureSpiraleLarge.prefab
  artifactKey: Guid(92fbf2dcc87261440aa95d3a7ef39aa6) Importer(815301076,1909f56bfc062723c751e8b465ee728b)
Start importing Assets/Prefabs/GestureSpiraleLarge.prefab using Guid(92fbf2dcc87261440aa95d3a7ef39aa6) Importer(815301076,1909f56bfc062723c751e8b465ee728b)  -> (artifact id: '49aa87d240f3113c289471ace5a63d15') in 0.039480 seconds 
========================================================================
Received Import Request.
  Time since last request: 1.419352 seconds.
  path: Assets/Prefabs/GestureSpiraleLarge.prefab
  artifactKey: Guid(92fbf2dcc87261440aa95d3a7ef39aa6) Importer(815301076,1909f56bfc062723c751e8b465ee728b)
Start importing Assets/Prefabs/GestureSpiraleLarge.prefab using Guid(92fbf2dcc87261440aa95d3a7ef39aa6) Importer(815301076,1909f56bfc062723c751e8b465ee728b)  -> (artifact id: 'f9fb202855fedceaa41d1e922a842b9c') in 0.005830 seconds 
========================================================================
Received Import Request.
  Time since last request: 2.785954 seconds.
  path: Assets/Prefabs/GestureSquareLarge.prefab
  artifactKey: Guid(797c2cf30fe16dc4abdeafc63f8831f8) Importer(815301076,1909f56bfc062723c751e8b465ee728b)
Start importing Assets/Prefabs/GestureSquareLarge.prefab using Guid(797c2cf30fe16dc4abdeafc63f8831f8) Importer(815301076,1909f56bfc062723c751e8b465ee728b)  -> (artifact id: 'e0a56552bbab6a77012445b46c6890ce') in 0.004964 seconds 
========================================================================
Received Import Request.
  Time since last request: 0.697892 seconds.
  path: Assets/Prefabs/GestureSquareLarge.prefab
  artifactKey: Guid(797c2cf30fe16dc4abdeafc63f8831f8) Importer(815301076,1909f56bfc062723c751e8b465ee728b)
Start importing Assets/Prefabs/GestureSquareLarge.prefab using Guid(797c2cf30fe16dc4abdeafc63f8831f8) Importer(815301076,1909f56bfc062723c751e8b465ee728b)  -> (artifact id: '0f9f9f979171c02851c00ecb5d85e27e') in 0.005458 seconds 
========================================================================
Received Import Request.
  Time since last request: 4.204956 seconds.
  path: Assets/Prefabs/GestureTriangleLarge.prefab
  artifactKey: Guid(0451051d0403a1146a2917066bf3f276) Importer(815301076,1909f56bfc062723c751e8b465ee728b)
Start importing Assets/Prefabs/GestureTriangleLarge.prefab using Guid(0451051d0403a1146a2917066bf3f276) Importer(815301076,1909f56bfc062723c751e8b465ee728b)  -> (artifact id: 'f7919ec67476a191eca9f70ba3952df6') in 0.004639 seconds 
========================================================================
Received Import Request.
  Time since last request: 1.633053 seconds.
  path: Assets/Prefabs/GestureTriangleLarge.prefab
  artifactKey: Guid(0451051d0403a1146a2917066bf3f276) Importer(815301076,1909f56bfc062723c751e8b465ee728b)
Start importing Assets/Prefabs/GestureTriangleLarge.prefab using Guid(0451051d0403a1146a2917066bf3f276) Importer(815301076,1909f56bfc062723c751e8b465ee728b)  -> (artifact id: 'ce606ced66593388bb49358fe6c9cb3d') in 0.005590 seconds 
========================================================================
Received Import Request.
  Time since last request: 1.010971 seconds.
  path: Assets/Prefabs/GestureTriangleLarge.prefab
  artifactKey: Guid(0451051d0403a1146a2917066bf3f276) Importer(815301076,1909f56bfc062723c751e8b465ee728b)
Start importing Assets/Prefabs/GestureTriangleLarge.prefab using Guid(0451051d0403a1146a2917066bf3f276) Importer(815301076,1909f56bfc062723c751e8b465ee728b)  -> (artifact id: 'c358a020f5d3058cbdd4bfeea667a8a6') in 0.005156 seconds 
========================================================================
Received Import Request.
  Time since last request: 1.180488 seconds.
  path: Assets/Prefabs/GestureTriangleLarge.prefab
  artifactKey: Guid(0451051d0403a1146a2917066bf3f276) Importer(815301076,1909f56bfc062723c751e8b465ee728b)
Start importing Assets/Prefabs/GestureTriangleLarge.prefab using Guid(0451051d0403a1146a2917066bf3f276) Importer(815301076,1909f56bfc062723c751e8b465ee728b)  -> (artifact id: '560ae073e3eaf003fe5f39ccef2d366a') in 0.005294 seconds 
========================================================================
Received Import Request.
  Time since last request: 7.223246 seconds.
  path: Assets/Prefabs/GestureWaveLarge.prefab
  artifactKey: Guid(7f9de65a3e683ae44816eceadb353768) Importer(815301076,1909f56bfc062723c751e8b465ee728b)
Start importing Assets/Prefabs/GestureWaveLarge.prefab using Guid(7f9de65a3e683ae44816eceadb353768) Importer(815301076,1909f56bfc062723c751e8b465ee728b)  -> (artifact id: 'a29bf7a12abf9cdff792e73c39701240') in 0.004730 seconds 
========================================================================
Received Import Request.
  Time since last request: 1.644616 seconds.
  path: Assets/Prefabs/GestureWaveLarge.prefab
  artifactKey: Guid(7f9de65a3e683ae44816eceadb353768) Importer(815301076,1909f56bfc062723c751e8b465ee728b)
Start importing Assets/Prefabs/GestureWaveLarge.prefab using Guid(7f9de65a3e683ae44816eceadb353768) Importer(815301076,1909f56bfc062723c751e8b465ee728b)  -> (artifact id: 'a66d63183b87dc1900da89fc731278c7') in 0.004998 seconds 
========================================================================
Received Import Request.
  Time since last request: 2.459476 seconds.
  path: Assets/Prefabs/GestureWaveLarge.prefab
  artifactKey: Guid(7f9de65a3e683ae44816eceadb353768) Importer(815301076,1909f56bfc062723c751e8b465ee728b)
Start importing Assets/Prefabs/GestureWaveLarge.prefab using Guid(7f9de65a3e683ae44816eceadb353768) Importer(815301076,1909f56bfc062723c751e8b465ee728b)  -> (artifact id: '788d3054a2b381d3c01ebb339ea8a1f2') in 0.005464 seconds 
========================================================================
Received Prepare
Registering precompiled user dll's ...
Registered in 0.005328 seconds.
Begin MonoManager ReloadAssembly
Symbol file LoadedFromMemory doesn't match image C:\Users\Miljko\InternJam\Library\PackageCache\com.unity.visualscripting@1.7.8\Editor\VisualScripting.Core\Dependencies\YamlDotNet\Unity.VisualScripting.YamlDotNet.dll
Symbol file LoadedFromMemory doesn't match image C:\Users\Miljko\InternJam\Library\PackageCache\com.unity.visualscripting@1.7.8\Editor\VisualScripting.Core\Dependencies\DotNetZip\Unity.VisualScripting.IonicZip.dll
Native extension for WindowsStandalone target not found
Native extension for iOS target not found
Native extension for Android target not found
Refreshing native plugins compatible for Editor in 0.86 ms, found 4 plugins.
Preloading 0 native plugins for Editor in 0.00 ms.
Mono: successfully reloaded assembly
- Completed reload, in  0.983 seconds
Domain Reload Profiling:
	ReloadAssembly (984ms)
		BeginReloadAssembly (115ms)
			ExecutionOrderSort (0ms)
			DisableScriptedObjects (6ms)
			BackupInstance (0ms)
			ReleaseScriptingObjects (0ms)
			CreateAndSetChildDomain (35ms)
		EndReloadAssembly (786ms)
			LoadAssemblies (74ms)
			RebuildTransferFunctionScriptingTraits (0ms)
			SetupTypeCache (203ms)
			ReleaseScriptCaches (2ms)
			RebuildScriptCaches (69ms)
			SetupLoadedEditorAssemblies (353ms)
				LogAssemblyErrors (0ms)
				InitializePlatformSupportModulesInManaged (28ms)
				SetLoadedEditorAssemblies (0ms)
				RefreshPlugins (1ms)
				BeforeProcessingInitializeOnLoad (80ms)
				ProcessInitializeOnLoadAttributes (193ms)
				ProcessInitializeOnLoadMethodAttributes (45ms)
				AfterProcessingInitializeOnLoad (5ms)
				EditorAssembliesLoaded (0ms)
			ExecutionOrderSort2 (0ms)
			AwakeInstancesAfterBackupRestoration (8ms)
Platform modules already initialized, skipping
Refreshing native plugins compatible for Editor in 2.22 ms, found 4 plugins.
Preloading 0 native plugins for Editor in 0.00 ms.
Unloading 4112 Unused Serialized files (Serialized files now loaded: 0)
Unloading 31 unused Assets / (195.5 KB). Loaded Objects now: 4600.
Memory consumption went from 158.3 MB to 158.1 MB.
Total: 4.282500 ms (FindLiveObjects: 0.275500 ms CreateObjectMapping: 0.097700 ms MarkObjects: 3.767300 ms  DeleteObjects: 0.140200 ms)

AssetImportParameters requested are different than current active one (requested -> active):
  custom:video-decoder-ogg-theora: a1e56fd34408186e4bbccfd4996cb3dc -> 
  custom:container-muxer-webm: aa71ff27fc2769a1b78a27578f13a17b -> 
  custom:container-demuxer-webm: 4f35f7cbe854078d1ac9338744f61a02 -> 
  custom:video-encoder-webm-vp8: eb34c28f22e8b96e1ab97ce403110664 -> 
  custom:video-codec-MediaFoundation-h265: 746d11721c4dcdbdad8f713fa42b33f4 -> 
  custom:audio-encoder-webm-vorbis: bf7c407c2cedff20999df2af8eb42d56 -> 
  custom:framework-win-MediaFoundation: 216162199b28c13a410421893ffa2e32 -> 
  custom:container-demuxer-ogg: 62fdf1f143b41e24485cea50d1cbac27 -> 
  custom:video-decoder-webm-vp8: 9c59270c3fd7afecdb556c50c9e8de78 -> 
  custom:audio-decoder-ogg-vorbis: bf7c407c2cedff20999df2af8eb42d56 -> 
========================================================================
Received Prepare
Registering precompiled user dll's ...
Registered in 0.008642 seconds.
Begin MonoManager ReloadAssembly
Symbol file LoadedFromMemory doesn't match image C:\Users\Miljko\InternJam\Library\PackageCache\com.unity.visualscripting@1.7.8\Editor\VisualScripting.Core\Dependencies\YamlDotNet\Unity.VisualScripting.YamlDotNet.dll
Symbol file LoadedFromMemory doesn't match image C:\Users\Miljko\InternJam\Library\PackageCache\com.unity.visualscripting@1.7.8\Editor\VisualScripting.Core\Dependencies\DotNetZip\Unity.VisualScripting.IonicZip.dll
Native extension for WindowsStandalone target not found
Native extension for iOS target not found
Native extension for Android target not found
Refreshing native plugins compatible for Editor in 0.89 ms, found 4 plugins.
Preloading 0 native plugins for Editor in 0.00 ms.
Mono: successfully reloaded assembly
- Completed reload, in  0.945 seconds
Domain Reload Profiling:
	ReloadAssembly (946ms)
		BeginReloadAssembly (130ms)
			ExecutionOrderSort (0ms)
			DisableScriptedObjects (5ms)
			BackupInstance (0ms)
			ReleaseScriptingObjects (0ms)
			CreateAndSetChildDomain (36ms)
		EndReloadAssembly (729ms)
			LoadAssemblies (86ms)
			RebuildTransferFunctionScriptingTraits (0ms)
			SetupTypeCache (219ms)
			ReleaseScriptCaches (2ms)
			RebuildScriptCaches (40ms)
			SetupLoadedEditorAssemblies (346ms)
				LogAssemblyErrors (0ms)
				InitializePlatformSupportModulesInManaged (34ms)
				SetLoadedEditorAssemblies (1ms)
				RefreshPlugins (1ms)
				BeforeProcessingInitializeOnLoad (79ms)
				ProcessInitializeOnLoadAttributes (193ms)
				ProcessInitializeOnLoadMethodAttributes (33ms)
				AfterProcessingInitializeOnLoad (5ms)
				EditorAssembliesLoaded (0ms)
			ExecutionOrderSort2 (0ms)
			AwakeInstancesAfterBackupRestoration (6ms)
Platform modules already initialized, skipping
Refreshing native plugins compatible for Editor in 2.29 ms, found 4 plugins.
Preloading 0 native plugins for Editor in 0.00 ms.
Unloading 4112 Unused Serialized files (Serialized files now loaded: 0)
Unloading 31 unused Assets / (195.5 KB). Loaded Objects now: 4603.
Memory consumption went from 158.3 MB to 158.1 MB.
Total: 3.233200 ms (FindLiveObjects: 0.306500 ms CreateObjectMapping: 0.186000 ms MarkObjects: 2.614000 ms  DeleteObjects: 0.125200 ms)

AssetImportParameters requested are different than current active one (requested -> active):
  custom:video-decoder-ogg-theora: a1e56fd34408186e4bbccfd4996cb3dc -> 
  custom:container-muxer-webm: aa71ff27fc2769a1b78a27578f13a17b -> 
  custom:container-demuxer-webm: 4f35f7cbe854078d1ac9338744f61a02 -> 
  custom:video-encoder-webm-vp8: eb34c28f22e8b96e1ab97ce403110664 -> 
  custom:video-codec-MediaFoundation-h265: 746d11721c4dcdbdad8f713fa42b33f4 -> 
  custom:audio-encoder-webm-vorbis: bf7c407c2cedff20999df2af8eb42d56 -> 
  custom:framework-win-MediaFoundation: 216162199b28c13a410421893ffa2e32 -> 
  custom:container-demuxer-ogg: 62fdf1f143b41e24485cea50d1cbac27 -> 
  custom:video-decoder-webm-vp8: 9c59270c3fd7afecdb556c50c9e8de78 -> 
  custom:audio-decoder-ogg-vorbis: bf7c407c2cedff20999df2af8eb42d56 -> 
========================================================================
Received Prepare
Registering precompiled user dll's ...
Registered in 0.010775 seconds.
Begin MonoManager ReloadAssembly
Symbol file LoadedFromMemory doesn't match image C:\Users\Miljko\InternJam\Library\PackageCache\com.unity.visualscripting@1.7.8\Editor\VisualScripting.Core\Dependencies\YamlDotNet\Unity.VisualScripting.YamlDotNet.dll
Symbol file LoadedFromMemory doesn't match image C:\Users\Miljko\InternJam\Library\PackageCache\com.unity.visualscripting@1.7.8\Editor\VisualScripting.Core\Dependencies\DotNetZip\Unity.VisualScripting.IonicZip.dll
Native extension for WindowsStandalone target not found
Native extension for iOS target not found
Native extension for Android target not found
Refreshing native plugins compatible for Editor in 0.91 ms, found 4 plugins.
Preloading 0 native plugins for Editor in 0.00 ms.
Mono: successfully reloaded assembly
- Completed reload, in  1.573 seconds
Domain Reload Profiling:
	ReloadAssembly (1574ms)
		BeginReloadAssembly (163ms)
			ExecutionOrderSort (0ms)
			DisableScriptedObjects (8ms)
			BackupInstance (0ms)
			ReleaseScriptingObjects (0ms)
			CreateAndSetChildDomain (50ms)
		EndReloadAssembly (1297ms)
			LoadAssemblies (111ms)
			RebuildTransferFunctionScriptingTraits (0ms)
			SetupTypeCache (308ms)
			ReleaseScriptCaches (2ms)
			RebuildScriptCaches (99ms)
			SetupLoadedEditorAssemblies (639ms)
				LogAssemblyErrors (0ms)
				InitializePlatformSupportModulesInManaged (62ms)
				SetLoadedEditorAssemblies (1ms)
				RefreshPlugins (1ms)
				BeforeProcessingInitializeOnLoad (132ms)
				ProcessInitializeOnLoadAttributes (369ms)
				ProcessInitializeOnLoadMethodAttributes (65ms)
				AfterProcessingInitializeOnLoad (10ms)
				EditorAssembliesLoaded (0ms)
			ExecutionOrderSort2 (0ms)
			AwakeInstancesAfterBackupRestoration (11ms)
Platform modules already initialized, skipping
Refreshing native plugins compatible for Editor in 3.74 ms, found 4 plugins.
Preloading 0 native plugins for Editor in 0.00 ms.
Unloading 4112 Unused Serialized files (Serialized files now loaded: 0)
Unloading 31 unused Assets / (195.5 KB). Loaded Objects now: 4606.
Memory consumption went from 158.3 MB to 158.2 MB.
Total: 6.030300 ms (FindLiveObjects: 0.432100 ms CreateObjectMapping: 0.373700 ms MarkObjects: 4.975200 ms  DeleteObjects: 0.247500 ms)

AssetImportParameters requested are different than current active one (requested -> active):
  custom:video-decoder-ogg-theora: a1e56fd34408186e4bbccfd4996cb3dc -> 
  custom:container-muxer-webm: aa71ff27fc2769a1b78a27578f13a17b -> 
  custom:container-demuxer-webm: 4f35f7cbe854078d1ac9338744f61a02 -> 
  custom:video-encoder-webm-vp8: eb34c28f22e8b96e1ab97ce403110664 -> 
  custom:video-codec-MediaFoundation-h265: 746d11721c4dcdbdad8f713fa42b33f4 -> 
  custom:audio-encoder-webm-vorbis: bf7c407c2cedff20999df2af8eb42d56 -> 
  custom:framework-win-MediaFoundation: 216162199b28c13a410421893ffa2e32 -> 
  custom:container-demuxer-ogg: 62fdf1f143b41e24485cea50d1cbac27 -> 
  custom:video-decoder-webm-vp8: 9c59270c3fd7afecdb556c50c9e8de78 -> 
  custom:audio-decoder-ogg-vorbis: bf7c407c2cedff20999df2af8eb42d56 -> 
